<?xml version="1.0" encoding="UTF-8"?>
<!-- Generated by org.testng.reporters.JUnitReportReporter -->
<testsuite hostname="pirate" failures="0" tests="1" name="testcases.TC001" time="12.892" errors="0" timestamp="21 Oct 2018 17:42:57 GMT" skipped="0">
  <testcase classname="testcases.TC001" name="testcas1" time="12.892"/>
</testsuite> <!-- testcases.TC001 -->
